2011-02-05 09:17:14 Notice: Notice (1024): Please change the value of 'Security.salt' in app/config/core.php to a salt value specific to your application in [/var/www/newacademic/cake/libs/debugger.php, line 684]
2011-02-05 09:17:14 Notice: Notice (1024): Please change the value of 'Security.cipherSeed' in app/config/core.php to a numeric (digits only) seed value specific to your application in [/var/www/newacademic/cake/libs/debugger.php, line 688]
2011-02-05 09:31:07 Notice: Notice (1024): Please change the value of 'Security.salt' in app/config/core.php to a salt value specific to your application in [/var/www/newacademic/cake/libs/debugger.php, line 684]
2011-02-05 09:31:07 Notice: Notice (1024): Please change the value of 'Security.cipherSeed' in app/config/core.php to a numeric (digits only) seed value specific to your application in [/var/www/newacademic/cake/libs/debugger.php, line 688]
2011-02-05 09:31:46 Notice: Notice (1024): Please change the value of 'Security.salt' in app/config/core.php to a salt value specific to your application in [/var/www/newacademic/cake/libs/debugger.php, line 684]
2011-02-05 09:31:46 Notice: Notice (1024): Please change the value of 'Security.cipherSeed' in app/config/core.php to a numeric (digits only) seed value specific to your application in [/var/www/newacademic/cake/libs/debugger.php, line 688]
2011-02-05 09:44:07 Notice: Notice (8): Undefined variable: cakeDebug in [/var/www/newacademic/app/views/layouts/default.ctp, line 126]
2011-02-05 09:44:07 Notice: Notice (8): Undefined variable: cakeDebug in [/var/www/newacademic/app/views/layouts/default.ctp, line 126]
2011-02-05 09:44:07 Notice: Notice (8): Undefined variable: cakeDebug in [/var/www/newacademic/app/views/layouts/default.ctp, line 126]
2011-02-05 09:44:24 Notice: Notice (8): Undefined variable: url in [/var/www/newacademic/app/webroot/index.php, line 88]
2011-02-05 09:44:24 Notice: Notice (8): Undefined variable: cakeDebug in [/var/www/newacademic/app/views/layouts/default.ctp, line 126]
2011-02-05 09:44:24 Notice: Notice (8): Undefined variable: url in [/var/www/newacademic/app/webroot/index.php, line 88]
2011-02-05 09:44:24 Notice: Notice (8): Undefined variable: cakeDebug in [/var/www/newacademic/app/views/layouts/default.ctp, line 126]
2011-02-05 09:44:52 Notice: Notice (8): Undefined variable: url in [/var/www/newacademic/app/webroot/index.php, line 88]
2011-02-05 09:44:52 Notice: Notice (8): Undefined variable: cakeDebug in [/var/www/newacademic/app/views/layouts/default.ctp, line 126]
2011-02-05 09:44:52 Notice: Notice (8): Undefined variable: url in [/var/www/newacademic/app/webroot/index.php, line 88]
2011-02-05 09:44:52 Notice: Notice (8): Undefined variable: cakeDebug in [/var/www/newacademic/app/views/layouts/default.ctp, line 126]
2011-02-05 09:45:07 Notice: Notice (8): Undefined variable: url in [/var/www/newacademic/app/webroot/index.php, line 88]
2011-02-05 09:45:07 Notice: Notice (8): Undefined variable: cakeDebug in [/var/www/newacademic/app/views/layouts/default.ctp, line 126]
2011-02-05 09:45:07 Notice: Notice (8): Undefined variable: url in [/var/www/newacademic/app/webroot/index.php, line 88]
2011-02-05 09:45:07 Notice: Notice (8): Undefined variable: cakeDebug in [/var/www/newacademic/app/views/layouts/default.ctp, line 126]
2011-02-05 09:45:09 Notice: Notice (8): Undefined variable: url in [/var/www/newacademic/app/webroot/index.php, line 88]
2011-02-05 09:45:09 Notice: Notice (8): Undefined variable: cakeDebug in [/var/www/newacademic/app/views/layouts/default.ctp, line 126]
2011-02-05 09:45:09 Notice: Notice (8): Undefined variable: url in [/var/www/newacademic/app/webroot/index.php, line 88]
2011-02-05 09:45:09 Notice: Notice (8): Undefined variable: cakeDebug in [/var/www/newacademic/app/views/layouts/default.ctp, line 126]
2011-02-05 09:45:11 Notice: Notice (8): Undefined variable: url in [/var/www/newacademic/app/webroot/index.php, line 88]
2011-02-05 09:45:11 Notice: Notice (8): Undefined variable: cakeDebug in [/var/www/newacademic/app/views/layouts/default.ctp, line 126]
2011-02-05 09:45:11 Notice: Notice (8): Undefined variable: url in [/var/www/newacademic/app/webroot/index.php, line 88]
2011-02-05 09:45:11 Notice: Notice (8): Undefined variable: cakeDebug in [/var/www/newacademic/app/views/layouts/default.ctp, line 126]
2011-02-05 09:45:12 Notice: Notice (8): Undefined variable: url in [/var/www/newacademic/app/webroot/index.php, line 88]
2011-02-05 09:45:12 Notice: Notice (8): Undefined variable: cakeDebug in [/var/www/newacademic/app/views/layouts/default.ctp, line 126]
2011-02-05 09:45:12 Notice: Notice (8): Undefined variable: url in [/var/www/newacademic/app/webroot/index.php, line 88]
2011-02-05 09:45:12 Notice: Notice (8): Undefined variable: cakeDebug in [/var/www/newacademic/app/views/layouts/default.ctp, line 126]
2011-02-05 09:45:13 Notice: Notice (8): Undefined variable: url in [/var/www/newacademic/app/webroot/index.php, line 88]
2011-02-05 09:45:13 Notice: Notice (8): Undefined variable: cakeDebug in [/var/www/newacademic/app/views/layouts/flash.ctp, line 125]
2011-02-05 09:45:14 Notice: Notice (8): Undefined variable: url in [/var/www/newacademic/app/webroot/index.php, line 88]
2011-02-05 09:45:14 Notice: Notice (8): Undefined variable: cakeDebug in [/var/www/newacademic/app/views/layouts/default.ctp, line 126]
2011-02-05 09:45:18 Notice: Notice (8): Undefined variable: url in [/var/www/newacademic/app/webroot/index.php, line 88]
2011-02-05 09:45:18 Notice: Notice (8): Undefined variable: cakeDebug in [/var/www/newacademic/app/views/layouts/flash.ctp, line 125]
2011-02-05 09:45:18 Notice: Notice (8): Undefined variable: url in [/var/www/newacademic/app/webroot/index.php, line 88]
2011-02-05 09:45:18 Notice: Notice (8): Undefined variable: cakeDebug in [/var/www/newacademic/app/views/layouts/default.ctp, line 126]
2011-02-05 09:45:19 Notice: Notice (8): Undefined variable: url in [/var/www/newacademic/app/webroot/index.php, line 88]
2011-02-05 09:45:19 Notice: Notice (8): Undefined variable: cakeDebug in [/var/www/newacademic/app/views/layouts/flash.ctp, line 125]
2011-02-05 09:45:20 Notice: Notice (8): Undefined variable: url in [/var/www/newacademic/app/webroot/index.php, line 88]
2011-02-05 09:45:20 Notice: Notice (8): Undefined variable: cakeDebug in [/var/www/newacademic/app/views/layouts/default.ctp, line 126]
2011-02-05 09:45:21 Notice: Notice (8): Undefined variable: url in [/var/www/newacademic/app/webroot/index.php, line 88]
2011-02-05 09:45:21 Notice: Notice (8): Undefined variable: cakeDebug in [/var/www/newacademic/app/views/layouts/flash.ctp, line 125]
2011-02-05 09:45:21 Notice: Notice (8): Undefined variable: url in [/var/www/newacademic/app/webroot/index.php, line 88]
2011-02-05 09:45:21 Notice: Notice (8): Undefined variable: cakeDebug in [/var/www/newacademic/app/views/layouts/default.ctp, line 126]
2011-02-05 09:45:44 Notice: Notice (8): Undefined variable: url in [/var/www/newacademic/app/webroot/index.php, line 88]
2011-02-05 09:45:45 Notice: Notice (8): Undefined property: PagesController::$Session in [/var/www/newacademic/app/app_controller.php, line 26]
2011-02-05 09:49:08 Notice: Notice (8): Undefined variable: url in [/var/www/newacademic/app/webroot/index.php, line 88]
2011-02-05 09:49:08 Notice: Notice (8): Undefined variable: cakeDebug in [/var/www/newacademic/app/views/layouts/default.ctp, line 126]
2011-02-05 09:49:08 Notice: Notice (8): Undefined variable: url in [/var/www/newacademic/app/webroot/index.php, line 88]
2011-02-05 09:49:08 Notice: Notice (8): Undefined variable: session in [/var/www/newacademic/app/views/layouts/default.ctp, line 104]
2011-02-05 09:50:10 Notice: Notice (8): Undefined variable: url in [/var/www/newacademic/app/webroot/index.php, line 88]
2011-02-05 09:50:10 Notice: Notice (8): Undefined variable: cakeDebug in [/var/www/newacademic/app/views/layouts/default.ctp, line 126]
2011-02-05 09:50:10 Notice: Notice (8): Undefined variable: url in [/var/www/newacademic/app/webroot/index.php, line 88]
2011-02-05 09:50:10 Notice: Notice (8): Undefined variable: session in [/var/www/newacademic/app/views/layouts/default.ctp, line 104]
2011-02-05 09:50:12 Notice: Notice (8): Undefined variable: url in [/var/www/newacademic/app/webroot/index.php, line 88]
2011-02-05 09:50:12 Notice: Notice (8): Undefined variable: cakeDebug in [/var/www/newacademic/app/views/layouts/default.ctp, line 126]
2011-02-05 09:50:12 Notice: Notice (8): Undefined variable: url in [/var/www/newacademic/app/webroot/index.php, line 88]
2011-02-05 09:50:13 Notice: Notice (8): Undefined variable: session in [/var/www/newacademic/app/views/layouts/default.ctp, line 104]
2011-02-05 09:50:14 Notice: Notice (8): Undefined variable: url in [/var/www/newacademic/app/webroot/index.php, line 88]
2011-02-05 09:50:15 Notice: Notice (8): Undefined variable: cakeDebug in [/var/www/newacademic/app/views/layouts/default.ctp, line 126]
2011-02-05 09:50:15 Notice: Notice (8): Undefined variable: url in [/var/www/newacademic/app/webroot/index.php, line 88]
2011-02-05 09:50:15 Notice: Notice (8): Undefined variable: session in [/var/www/newacademic/app/views/layouts/default.ctp, line 104]
2011-02-05 09:50:20 Notice: Notice (8): Undefined variable: url in [/var/www/newacademic/app/webroot/index.php, line 88]
2011-02-05 09:50:20 Notice: Notice (8): Undefined variable: cakeDebug in [/var/www/newacademic/app/views/layouts/default.ctp, line 126]
2011-02-05 09:50:20 Notice: Notice (8): Undefined variable: url in [/var/www/newacademic/app/webroot/index.php, line 88]
2011-02-05 09:50:21 Notice: Notice (8): Undefined variable: session in [/var/www/newacademic/app/views/layouts/default.ctp, line 104]
2011-02-05 09:50:22 Notice: Notice (8): Undefined variable: url in [/var/www/newacademic/app/webroot/index.php, line 88]
2011-02-05 09:50:22 Notice: Notice (8): Undefined variable: cakeDebug in [/var/www/newacademic/app/views/layouts/default.ctp, line 126]
2011-02-05 09:50:22 Notice: Notice (8): Undefined variable: url in [/var/www/newacademic/app/webroot/index.php, line 88]
2011-02-05 09:50:22 Notice: Notice (8): Undefined variable: session in [/var/www/newacademic/app/views/layouts/default.ctp, line 104]
2011-02-05 09:50:24 Notice: Notice (8): Undefined variable: url in [/var/www/newacademic/app/webroot/index.php, line 88]
2011-02-05 09:50:25 Notice: Notice (8): Undefined variable: cakeDebug in [/var/www/newacademic/app/views/layouts/default.ctp, line 126]
2011-02-05 09:50:25 Notice: Notice (8): Undefined variable: url in [/var/www/newacademic/app/webroot/index.php, line 88]
2011-02-05 09:50:25 Notice: Notice (8): Undefined variable: session in [/var/www/newacademic/app/views/layouts/default.ctp, line 104]
2011-02-05 09:50:26 Notice: Notice (8): Undefined variable: url in [/var/www/newacademic/app/webroot/index.php, line 88]
2011-02-05 09:50:51 Notice: Notice (8): Undefined variable: url in [/var/www/newacademic/app/webroot/index.php, line 88]
2011-02-05 09:50:51 Notice: Notice (8): Undefined variable: url in [/var/www/newacademic/app/webroot/index.php, line 88]
2011-02-05 09:50:51 Notice: Notice (8): Undefined property: UsersController::$Session in [/var/www/newacademic/app/controllers/users_controller.php, line 74]
2011-02-05 09:50:56 Notice: Notice (8): Undefined variable: url in [/var/www/newacademic/app/webroot/index.php, line 88]
2011-02-05 09:50:56 Notice: Notice (8): Undefined property: UsersController::$Session in [/var/www/newacademic/app/controllers/users_controller.php, line 74]
2011-02-05 09:50:57 Notice: Notice (8): Undefined variable: url in [/var/www/newacademic/app/webroot/index.php, line 88]
2011-02-05 09:50:57 Notice: Notice (8): Undefined property: UsersController::$Session in [/var/www/newacademic/app/controllers/users_controller.php, line 74]
2011-02-05 09:51:03 Notice: Notice (8): Undefined variable: url in [/var/www/newacademic/app/webroot/index.php, line 88]
2011-02-05 09:51:03 Notice: Notice (8): Undefined property: UsersController::$Session in [/var/www/newacademic/app/controllers/users_controller.php, line 74]
2011-02-05 09:51:08 Notice: Notice (8): Undefined variable: url in [/var/www/newacademic/app/webroot/index.php, line 88]
2011-02-05 09:51:08 Notice: Notice (8): Undefined property: UsersController::$Session in [/var/www/newacademic/app/controllers/users_controller.php, line 74]
2011-02-05 09:53:01 Notice: Notice (8): Undefined variable: url in [/var/www/newacademic/app/webroot/index.php, line 88]
2011-02-05 09:53:01 Notice: Notice (8): Undefined property: UsersController::$Session in [/var/www/newacademic/app/app_controller.php, line 26]
2011-02-05 09:53:12 Notice: Notice (8): Undefined variable: url in [/var/www/newacademic/app/webroot/index.php, line 88]
2011-02-05 09:53:12 Notice: Notice (8): Undefined property: UsersController::$Session in [/var/www/newacademic/app/app_controller.php, line 26]
2011-02-05 09:53:17 Notice: Notice (8): Undefined variable: url in [/var/www/newacademic/app/webroot/index.php, line 88]
2011-02-05 09:53:17 Notice: Notice (8): Undefined property: UsersController::$Session in [/var/www/newacademic/app/app_controller.php, line 26]
2011-02-05 09:53:25 Notice: Notice (8): Undefined variable: url in [/var/www/newacademic/app/webroot/index.php, line 88]
2011-02-05 09:53:25 Notice: Notice (8): Undefined property: UsersController::$Session in [/var/www/newacademic/app/app_controller.php, line 26]
2011-02-05 09:53:28 Notice: Notice (8): Undefined variable: url in [/var/www/newacademic/app/webroot/index.php, line 88]
2011-02-05 09:53:28 Notice: Notice (8): Undefined property: PagesController::$Session in [/var/www/newacademic/app/app_controller.php, line 26]
2011-02-05 09:53:39 Notice: Notice (8): Undefined variable: url in [/var/www/newacademic/app/webroot/index.php, line 88]
2011-02-05 09:53:39 Notice: Notice (8): Undefined property: UsersController::$Session in [/var/www/newacademic/app/app_controller.php, line 26]
2011-02-05 09:53:45 Notice: Notice (8): Undefined variable: url in [/var/www/newacademic/app/webroot/index.php, line 88]
2011-02-05 09:53:45 Notice: Notice (8): Undefined property: PagesController::$Session in [/var/www/newacademic/app/app_controller.php, line 26]
2011-02-05 09:54:40 Notice: Notice (8): Undefined property: PagesController::$Session in [/var/www/newacademic/app/app_controller.php, line 26]
2011-02-05 09:55:18 Notice: Notice (8): Undefined property: PagesController::$Session in [/var/www/newacademic/app/app_controller.php, line 26]
2011-02-05 09:57:19 Notice: Notice (8): Undefined property: PagesController::$Session in [/var/www/newacademic/app/app_controller.php, line 26]
2011-02-05 10:09:58 Notice: Notice (8): Undefined property: PagesController::$Session in [/var/www/newacademic/app/app_controller.php, line 26]
2011-02-05 10:09:59 Notice: Notice (8): Undefined property: PagesController::$Session in [/var/www/newacademic/app/app_controller.php, line 26]
2011-02-05 10:45:33 Notice: Notice (8): Undefined variable: cakeDebug in [/var/www/newacademic/app/views/layouts/default.ctp, line 126]
2011-02-05 10:45:33 Notice: Notice (8): Undefined variable: session in [/var/www/newacademic/app/views/layouts/default.ctp, line 104]
2011-02-05 10:46:02 Notice: Notice (8): Undefined variable: cakeDebug in [/var/www/newacademic/app/views/layouts/default.ctp, line 126]
2011-02-05 10:46:02 Notice: Notice (8): Undefined variable: session in [/var/www/newacademic/app/views/layouts/default.ctp, line 104]
2011-02-05 10:46:44 Notice: Notice (8): Undefined variable: session in [/var/www/newacademic/app/views/users/home.ctp, line 5]
2011-02-05 10:48:52 Notice: Notice (8): Undefined variable: cakeDebug in [/var/www/newacademic/app/views/layouts/logged.ctp, line 115]
2011-02-05 10:48:52 Notice: Notice (8): Undefined variable: cakeDebug in [/var/www/newacademic/app/views/layouts/default.ctp, line 126]
2011-02-05 10:49:20 Notice: Notice (8): Undefined variable: cakeDebug in [/var/www/newacademic/app/views/layouts/logged.ctp, line 115]
2011-02-05 10:49:21 Notice: Notice (8): Undefined variable: cakeDebug in [/var/www/newacademic/app/views/layouts/default.ctp, line 126]
2011-02-05 10:58:08 Notice: Notice (8): Undefined variable: cakeDebug in [/var/www/newacademic/app/views/layouts/logged.ctp, line 115]
2011-02-05 10:58:08 Notice: Notice (8): Undefined variable: cakeDebug in [/var/www/newacademic/app/views/layouts/default.ctp, line 126]
2011-02-05 10:58:10 Notice: Notice (8): Undefined variable: cakeDebug in [/var/www/newacademic/app/views/layouts/default.ctp, line 126]
2011-02-05 10:58:10 Notice: Notice (8): Undefined variable: cakeDebug in [/var/www/newacademic/app/views/layouts/default.ctp, line 126]
2011-02-05 11:01:20 Notice: Notice (8): Undefined variable: cakeDebug in [/var/www/newacademic/app/views/layouts/default.ctp, line 126]
2011-02-05 11:01:20 Notice: Notice (8): Undefined variable: cakeDebug in [/var/www/newacademic/app/views/layouts/default.ctp, line 126]
2011-02-05 11:02:59 Notice: Notice (8): Undefined variable: cakeDebug in [/var/www/newacademic/app/views/layouts/default.ctp, line 126]
2011-02-05 11:02:59 Notice: Notice (8): Undefined variable: cakeDebug in [/var/www/newacademic/app/views/layouts/default.ctp, line 126]
2011-02-05 11:03:00 Notice: Notice (8): Undefined variable: cakeDebug in [/var/www/newacademic/app/views/layouts/default.ctp, line 126]
2011-02-05 11:03:00 Notice: Notice (8): Undefined variable: cakeDebug in [/var/www/newacademic/app/views/layouts/default.ctp, line 126]
2011-02-05 11:03:01 Notice: Notice (8): Undefined variable: cakeDebug in [/var/www/newacademic/app/views/layouts/default.ctp, line 126]
2011-02-05 11:03:01 Notice: Notice (8): Undefined variable: cakeDebug in [/var/www/newacademic/app/views/layouts/default.ctp, line 126]
2011-02-05 11:03:09 Notice: Notice (8): Undefined variable: cakeDebug in [/var/www/newacademic/app/views/layouts/default.ctp, line 126]
2011-02-05 11:03:09 Notice: Notice (8): Undefined variable: cakeDebug in [/var/www/newacademic/app/views/layouts/default.ctp, line 126]
2011-02-05 11:37:22 Notice: Notice (8): Undefined variable: cakeDebug in [/var/www/newacademic/app/views/layouts/default.ctp, line 126]
2011-02-05 11:37:26 Notice: Notice (8): Undefined variable: cakeDebug in [/var/www/newacademic/app/views/layouts/default.ctp, line 126]
2011-02-05 11:37:31 Notice: Notice (8): Undefined variable: cakeDebug in [/var/www/newacademic/app/views/layouts/default.ctp, line 126]
2011-02-05 11:37:32 Notice: Notice (8): Undefined variable: cakeDebug in [/var/www/newacademic/app/views/layouts/default.ctp, line 126]
2011-02-05 11:37:43 Notice: Notice (8): Undefined variable: cakeDebug in [/var/www/newacademic/app/views/layouts/default.ctp, line 126]
2011-02-05 11:37:43 Notice: Notice (8): Undefined variable: cakeDebug in [/var/www/newacademic/app/views/layouts/default.ctp, line 126]
2011-02-05 11:37:45 Notice: Notice (8): Undefined variable: cakeDebug in [/var/www/newacademic/app/views/layouts/default.ctp, line 126]
2011-02-05 11:37:45 Notice: Notice (8): Undefined variable: cakeDebug in [/var/www/newacademic/app/views/layouts/default.ctp, line 126]
2011-02-05 11:37:49 Notice: Notice (8): Undefined variable: cakeDebug in [/var/www/newacademic/app/views/layouts/default.ctp, line 126]
2011-02-05 11:37:49 Notice: Notice (8): Undefined variable: cakeDebug in [/var/www/newacademic/app/views/layouts/default.ctp, line 126]
2011-02-06 09:50:36 Notice: Notice (8): Undefined variable: cakeDebug in [/var/www/newacademic/app/views/layouts/default.ctp, line 126]
2011-02-06 09:50:36 Notice: Notice (8): Undefined variable: cakeDebug in [/var/www/newacademic/app/views/layouts/default.ctp, line 126]
2011-02-06 09:52:11 Notice: Notice (8): Undefined variable: cakeDebug in [/var/www/newacademic/app/views/layouts/logged.ctp, line 115]
2011-02-06 09:52:12 Notice: Notice (8): Undefined variable: cakeDebug in [/var/www/newacademic/app/views/layouts/default.ctp, line 126]
2011-02-06 10:00:47 Notice: Notice (8): Undefined variable: cakeDebug in [/var/www/newacademic/app/views/layouts/logged.ctp, line 115]
2011-02-06 10:00:47 Notice: Notice (8): Undefined variable: cakeDebug in [/var/www/newacademic/app/views/layouts/default.ctp, line 126]
2011-02-06 10:01:04 Notice: Notice (8): Undefined variable: cakeDebug in [/var/www/newacademic/app/views/layouts/logged.ctp, line 115]
2011-02-06 10:01:05 Notice: Notice (8): Undefined variable: cakeDebug in [/var/www/newacademic/app/views/layouts/default.ctp, line 126]
2011-02-06 10:01:21 Notice: Notice (8): Undefined variable: cakeDebug in [/var/www/newacademic/app/views/layouts/logged.ctp, line 115]
2011-02-06 10:01:21 Notice: Notice (8): Undefined variable: cakeDebug in [/var/www/newacademic/app/views/layouts/default.ctp, line 126]
2011-02-06 10:02:22 Notice: Notice (8): Undefined variable: cakeDebug in [/var/www/newacademic/app/views/layouts/logged.ctp, line 115]
2011-02-06 10:02:22 Notice: Notice (8): Undefined variable: cakeDebug in [/var/www/newacademic/app/views/layouts/default.ctp, line 126]
2011-02-06 10:03:13 Notice: Notice (8): Undefined variable: cakeDebug in [/var/www/newacademic/app/views/layouts/default.ctp, line 126]
2011-02-06 10:03:13 Notice: Notice (8): Undefined variable: cakeDebug in [/var/www/newacademic/app/views/layouts/default.ctp, line 126]
2011-02-06 10:03:21 Notice: Notice (8): Undefined variable: cakeDebug in [/var/www/newacademic/app/views/layouts/logged.ctp, line 115]
2011-02-06 10:03:22 Notice: Notice (8): Undefined variable: cakeDebug in [/var/www/newacademic/app/views/layouts/default.ctp, line 126]
2011-02-06 10:03:25 Notice: Notice (8): Undefined variable: cakeDebug in [/var/www/newacademic/app/views/layouts/logged.ctp, line 115]
2011-02-06 10:03:25 Notice: Notice (8): Undefined variable: cakeDebug in [/var/www/newacademic/app/views/layouts/default.ctp, line 126]
2011-02-06 10:04:13 Notice: Notice (8): Undefined variable: cakeDebug in [/var/www/newacademic/app/views/layouts/logged.ctp, line 115]
2011-02-06 10:04:13 Notice: Notice (8): Undefined variable: cakeDebug in [/var/www/newacademic/app/views/layouts/default.ctp, line 126]
2011-02-06 10:17:00 Notice: Notice (8): Undefined variable: cakeDebug in [/var/www/newacademic/app/views/layouts/logged.ctp, line 115]
2011-02-06 10:17:00 Notice: Notice (8): Undefined variable: cakeDebug in [/var/www/newacademic/app/views/layouts/default.ctp, line 126]
2011-02-06 10:17:36 Notice: Notice (8): Undefined variable: cakeDebug in [/var/www/newacademic/app/views/layouts/default.ctp, line 126]
2011-02-06 10:18:30 Notice: Notice (8): Undefined variable: cakeDebug in [/var/www/newacademic/app/views/layouts/default.ctp, line 126]
2011-02-06 10:18:32 Notice: Notice (8): Undefined variable: cakeDebug in [/var/www/newacademic/app/views/layouts/default.ctp, line 126]
2011-02-06 10:18:33 Notice: Notice (8): Undefined variable: cakeDebug in [/var/www/newacademic/app/views/layouts/default.ctp, line 126]
2011-02-06 10:21:51 Notice: Notice (8): Undefined variable: cakeDebug in [/var/www/newacademic/app/views/layouts/default.ctp, line 126]
2011-02-06 10:53:55 Notice: Notice (8): Undefined variable: cakeDebug in [/var/www/newacademic/app/views/layouts/default.ctp, line 126]
2011-02-06 10:53:55 Notice: Notice (8): Undefined variable: cakeDebug in [/var/www/newacademic/app/views/layouts/default.ctp, line 126]
2011-02-06 10:54:07 Notice: Notice (8): Undefined variable: cakeDebug in [/var/www/newacademic/app/views/layouts/default.ctp, line 126]
2011-02-06 10:54:30 Notice: Notice (8): Undefined variable: cakeDebug in [/var/www/newacademic/app/views/layouts/default.ctp, line 126]
2011-02-06 10:55:52 Notice: Notice (8): Undefined variable: cakeDebug in [/var/www/newacademic/app/views/layouts/default.ctp, line 126]
2011-02-06 10:56:28 Notice: Notice (8): Undefined variable: cakeDebug in [/var/www/newacademic/app/views/layouts/default.ctp, line 126]
2011-02-06 10:57:40 Notice: Notice (8): Undefined variable: cakeDebug in [/var/www/newacademic/app/views/layouts/default.ctp, line 126]
2011-02-06 10:57:44 Notice: Notice (8): Undefined variable: cakeDebug in [/var/www/newacademic/app/views/layouts/default.ctp, line 126]
2011-02-06 10:57:47 Notice: Notice (8): Undefined variable: cakeDebug in [/var/www/newacademic/app/views/layouts/default.ctp, line 126]
2011-02-06 11:00:20 Notice: Notice (8): Undefined variable: cakeDebug in [/var/www/newacademic/app/views/layouts/default.ctp, line 126]
2011-02-06 11:00:59 Notice: Notice (8): Undefined variable: cakeDebug in [/var/www/newacademic/app/views/layouts/default.ctp, line 126]
2011-02-06 11:01:37 Notice: Notice (8): Undefined variable: cakeDebug in [/var/www/newacademic/app/views/layouts/default.ctp, line 126]
2011-02-06 11:02:42 Notice: Notice (8): session_start() [http://php.net/function.session-start]: ps_files_cleanup_dir: opendir(/var/lib/php5) failed: Permission denied (13) in [/var/www/newacademic/cake/libs/cake_session.php, line 587]
2011-02-06 11:02:42 Notice: Notice (8): Undefined variable: cakeDebug in [/var/www/newacademic/app/views/layouts/default.ctp, line 126]
2011-02-06 11:02:44 Notice: Notice (8): Undefined variable: cakeDebug in [/var/www/newacademic/app/views/layouts/default.ctp, line 126]
2011-02-06 11:02:45 Notice: Notice (8): Undefined variable: cakeDebug in [/var/www/newacademic/app/views/layouts/default.ctp, line 126]
2011-02-06 11:02:46 Notice: Notice (8): Undefined variable: cakeDebug in [/var/www/newacademic/app/views/layouts/default.ctp, line 126]
2011-02-06 11:02:47 Notice: Notice (8): Undefined variable: cakeDebug in [/var/www/newacademic/app/views/layouts/default.ctp, line 126]
2011-02-06 11:02:50 Notice: Notice (8): Undefined variable: cakeDebug in [/var/www/newacademic/app/views/layouts/default.ctp, line 126]
2011-02-06 11:03:06 Notice: Notice (8): Undefined variable: cakeDebug in [/var/www/newacademic/app/views/layouts/default.ctp, line 126]
2011-02-06 11:03:10 Notice: Notice (8): Undefined variable: posts in [/var/www/newacademic/app/views/posts/listview.ctp, line 7]
2011-02-06 11:03:18 Notice: Notice (8): Undefined variable: posts in [/var/www/newacademic/app/views/posts/listview.ctp, line 7]
2011-02-06 11:18:37 Notice: Notice (8): Undefined property: ThemeView::$session in [/var/www/newacademic/app/views/posts/listview.ctp, line 2]
2011-02-06 11:21:36 Notice: Notice (8): Undefined variable: cakeDebug in [/var/www/newacademic/app/views/layouts/default.ctp, line 126]
2011-02-06 11:21:44 Notice: Notice (8): Undefined variable: cakeDebug in [/var/www/newacademic/app/views/layouts/default.ctp, line 126]
2011-02-06 11:21:46 Notice: Notice (8): Undefined variable: cakeDebug in [/var/www/newacademic/app/views/layouts/default.ctp, line 126]
2011-02-06 11:21:57 Notice: Notice (8): Undefined variable: cakeDebug in [/var/www/newacademic/app/views/layouts/default.ctp, line 126]
2011-02-06 11:22:21 Notice: Notice (8): Undefined variable: cakeDebug in [/var/www/newacademic/app/views/layouts/default.ctp, line 126]
2011-02-06 11:22:32 Notice: Notice (8): Undefined variable: cakeDebug in [/var/www/newacademic/app/views/layouts/default.ctp, line 126]
2011-02-06 11:22:42 Notice: Notice (8): Undefined variable: cakeDebug in [/var/www/newacademic/app/views/layouts/default.ctp, line 126]
2011-02-06 11:26:43 Notice: Notice (8): Undefined variable: cakeDebug in [/var/www/newacademic/app/views/layouts/default.ctp, line 126]
2011-02-06 11:26:48 Notice: Notice (8): Undefined variable: cakeDebug in [/var/www/newacademic/app/views/layouts/default.ctp, line 126]
2011-02-06 11:27:28 Notice: Notice (8): Undefined variable: cakeDebug in [/var/www/newacademic/app/views/layouts/default.ctp, line 126]
2011-02-06 11:27:31 Notice: Notice (8): Undefined variable: cakeDebug in [/var/www/newacademic/app/views/layouts/default.ctp, line 126]
2011-02-06 11:27:58 Notice: Notice (8): Undefined variable: cakeDebug in [/var/www/newacademic/app/views/layouts/default.ctp, line 126]
2011-02-06 11:28:29 Notice: Notice (8): Undefined variable: cakeDebug in [/var/www/newacademic/app/views/layouts/default.ctp, line 126]
2011-02-06 11:28:50 Notice: Notice (8): Undefined variable: cakeDebug in [/var/www/newacademic/app/views/layouts/default.ctp, line 126]
2011-02-06 11:31:30 Notice: Notice (8): Undefined variable: cakeDebug in [/var/www/newacademic/app/views/layouts/default.ctp, line 126]
2011-02-06 11:32:08 Notice: Notice (8): Undefined variable: cakeDebug in [/var/www/newacademic/app/views/layouts/default.ctp, line 126]
2011-02-06 11:32:10 Notice: Notice (8): Undefined variable: cakeDebug in [/var/www/newacademic/app/views/layouts/default.ctp, line 126]
2011-02-06 11:32:24 Notice: Notice (8): Undefined variable: cakeDebug in [/var/www/newacademic/app/views/layouts/default.ctp, line 126]
2011-02-06 11:38:01 Notice: Notice (8): Undefined variable: cakeDebug in [/var/www/newacademic/app/views/layouts/default.ctp, line 126]
2011-02-06 11:38:16 Notice: Notice (8): Undefined variable: cakeDebug in [/var/www/newacademic/app/views/layouts/default.ctp, line 126]
2011-02-06 11:38:44 Notice: Notice (8): Undefined variable: cakeDebug in [/var/www/newacademic/app/views/layouts/default.ctp, line 126]
2011-02-06 11:38:47 Notice: Notice (8): Undefined variable: cakeDebug in [/var/www/newacademic/app/views/layouts/default.ctp, line 126]
2011-02-06 11:38:50 Notice: Notice (8): Undefined variable: cakeDebug in [/var/www/newacademic/app/views/layouts/default.ctp, line 126]
2011-02-06 11:39:05 Notice: Notice (8): Undefined variable: cakeDebug in [/var/www/newacademic/app/views/layouts/default.ctp, line 126]
2011-02-06 11:39:11 Notice: Notice (8): Undefined variable: cakeDebug in [/var/www/newacademic/app/views/layouts/default.ctp, line 126]
2011-02-06 11:39:13 Notice: Notice (8): Undefined variable: cakeDebug in [/var/www/newacademic/app/views/layouts/default.ctp, line 126]
2011-02-06 11:39:29 Notice: Notice (8): Undefined variable: cakeDebug in [/var/www/newacademic/app/views/layouts/default.ctp, line 126]
2011-02-06 11:39:37 Notice: Notice (8): Undefined variable: cakeDebug in [/var/www/newacademic/app/views/layouts/default.ctp, line 126]
2011-02-06 11:39:45 Notice: Notice (8): Undefined variable: cakeDebug in [/var/www/newacademic/app/views/layouts/default.ctp, line 126]
2011-02-06 11:39:50 Notice: Notice (8): Undefined variable: cakeDebug in [/var/www/newacademic/app/views/layouts/default.ctp, line 126]
2011-02-06 11:39:52 Notice: Notice (8): Undefined variable: cakeDebug in [/var/www/newacademic/app/views/layouts/default.ctp, line 126]
2011-02-06 11:39:53 Notice: Notice (8): Undefined variable: cakeDebug in [/var/www/newacademic/app/views/layouts/default.ctp, line 126]
2011-02-06 11:41:49 Notice: Notice (8): Undefined variable: cakeDebug in [/var/www/newacademic/app/views/layouts/default.ctp, line 126]
2011-02-06 11:42:01 Notice: Notice (8): Undefined variable: cakeDebug in [/var/www/newacademic/app/views/layouts/default.ctp, line 126]
2011-02-06 11:42:12 Notice: Notice (8): Undefined variable: cakeDebug in [/var/www/newacademic/app/views/layouts/default.ctp, line 126]
2011-02-06 11:43:17 Notice: Notice (8): Undefined variable: cakeDebug in [/var/www/newacademic/app/views/layouts/default.ctp, line 126]
2011-02-06 11:43:19 Notice: Notice (8): Undefined variable: cakeDebug in [/var/www/newacademic/app/views/layouts/default.ctp, line 126]
2011-02-06 11:43:19 Notice: Notice (8): Undefined variable: cakeDebug in [/var/www/newacademic/app/views/layouts/default.ctp, line 126]
2011-02-06 22:30:00 Notice: Notice (8): Undefined variable: cakeDebug in [/var/www/newacademic/app/views/layouts/default.ctp, line 126]
2011-02-06 22:30:01 Notice: Notice (8): Undefined variable: cakeDebug in [/var/www/newacademic/app/views/layouts/default.ctp, line 126]
2011-02-06 22:30:37 Notice: Notice (8): Undefined variable: cakeDebug in [/var/www/newacademic/app/views/layouts/default.ctp, line 126]
2011-02-06 22:30:38 Notice: Notice (8): Undefined variable: cakeDebug in [/var/www/newacademic/app/views/layouts/default.ctp, line 126]
2011-02-06 22:30:52 Notice: Notice (8): Undefined variable: cakeDebug in [/var/www/newacademic/app/views/layouts/default.ctp, line 126]
2011-02-06 22:30:52 Notice: Notice (8): Undefined variable: cakeDebug in [/var/www/newacademic/app/views/layouts/default.ctp, line 126]
2011-02-06 22:30:54 Notice: Notice (8): Undefined variable: cakeDebug in [/var/www/newacademic/app/views/layouts/default.ctp, line 126]
2011-02-06 22:30:54 Notice: Notice (8): Undefined variable: cakeDebug in [/var/www/newacademic/app/views/layouts/default.ctp, line 126]
2011-02-06 22:30:57 Notice: Notice (8): Undefined variable: cakeDebug in [/var/www/newacademic/app/views/layouts/default.ctp, line 126]
2011-02-06 22:30:57 Notice: Notice (8): Undefined variable: cakeDebug in [/var/www/newacademic/app/views/layouts/default.ctp, line 126]
2011-02-06 22:30:59 Notice: Notice (8): Undefined variable: cakeDebug in [/var/www/newacademic/app/views/layouts/default.ctp, line 126]
2011-02-06 22:31:00 Notice: Notice (8): Undefined variable: cakeDebug in [/var/www/newacademic/app/views/layouts/default.ctp, line 126]
2011-02-06 22:31:43 Notice: Notice (8): Undefined variable: cakeDebug in [/var/www/newacademic/app/views/layouts/default.ctp, line 126]
2011-02-06 22:31:46 Notice: Notice (8): Undefined variable: cakeDebug in [/var/www/newacademic/app/views/layouts/default.ctp, line 126]
2011-02-06 22:31:47 Notice: Notice (8): Undefined variable: cakeDebug in [/var/www/newacademic/app/views/layouts/default.ctp, line 126]
2011-02-06 22:31:51 Notice: Notice (8): Undefined variable: cakeDebug in [/var/www/newacademic/app/views/layouts/default.ctp, line 126]
2011-02-06 22:31:54 Notice: Notice (8): Undefined variable: cakeDebug in [/var/www/newacademic/app/views/layouts/default.ctp, line 126]
2011-02-06 22:31:55 Notice: Notice (8): Undefined variable: cakeDebug in [/var/www/newacademic/app/views/layouts/default.ctp, line 126]
2011-02-06 22:31:57 Notice: Notice (8): Undefined variable: cakeDebug in [/var/www/newacademic/app/views/layouts/default.ctp, line 126]
2011-02-06 22:31:59 Notice: Notice (8): Undefined variable: cakeDebug in [/var/www/newacademic/app/views/layouts/default.ctp, line 126]
2011-02-06 22:32:02 Notice: Notice (8): Undefined variable: cakeDebug in [/var/www/newacademic/app/views/layouts/default.ctp, line 126]
2011-02-06 22:32:05 Notice: Notice (8): Undefined variable: cakeDebug in [/var/www/newacademic/app/views/layouts/default.ctp, line 126]
2011-02-06 22:32:06 Notice: Notice (8): Undefined variable: cakeDebug in [/var/www/newacademic/app/views/layouts/default.ctp, line 126]
2011-02-06 22:32:08 Notice: Notice (8): Undefined variable: cakeDebug in [/var/www/newacademic/app/views/layouts/default.ctp, line 126]
2011-02-06 22:43:30 Notice: Notice (8): Undefined variable: cakeDebug in [/var/www/newacademic/app/views/layouts/flash.ctp, line 125]
2011-02-06 22:43:42 Notice: Notice (8): Undefined variable: cakeDebug in [/var/www/newacademic/app/views/layouts/flash.ctp, line 125]
2011-02-06 23:10:01 Notice: Notice (8): Undefined variable: schedule in [/var/www/newacademic/app/views/tasks/add.ctp, line 24]
2011-02-07 21:53:53 Notice: Notice (8): Undefined variable: schedule in [/var/www/newacademic/app/views/tasks/add.ctp, line 24]
2011-02-07 21:54:13 Notice: Notice (8): Undefined variable: schedule in [/var/www/newacademic/app/views/tasks/add.ctp, line 24]
2011-02-16 20:07:06 Notice: Notice (8): Undefined variable: schedule in [/homepages/38/d289246827/htdocs/academicircle/app/views/tasks/add.ctp, line 21]
2011-02-16 20:07:34 Notice: Notice (8): Undefined variable: scheduleinfo in [/homepages/38/d289246827/htdocs/academicircle/app/views/tasks/viewall.ctp, line 15]
2011-02-16 20:07:34 Notice: Notice (8): Undefined variable: startdate in [/homepages/38/d289246827/htdocs/academicircle/app/views/tasks/viewall.ctp, line 20]
2011-02-16 20:07:34 Notice: Notice (8): Undefined variable: enddate in [/homepages/38/d289246827/htdocs/academicircle/app/views/tasks/viewall.ctp, line 21]
2011-02-16 20:07:34 Notice: Notice (8): Undefined variable: scheduleinfo in [/homepages/38/d289246827/htdocs/academicircle/app/views/tasks/viewall.ctp, line 46]
2011-02-16 20:07:34 Notice: Notice (8): Undefined variable: tasks in [/homepages/38/d289246827/htdocs/academicircle/app/views/tasks/viewall.ctp, line 58]
2011-02-16 20:08:56 Notice: Notice (8): Undefined variable: scheduleinfo in [/homepages/38/d289246827/htdocs/academicircle/app/views/tasks/viewall.ctp, line 15]
2011-02-16 20:08:56 Notice: Notice (8): Undefined variable: startdate in [/homepages/38/d289246827/htdocs/academicircle/app/views/tasks/viewall.ctp, line 20]
2011-02-16 20:08:56 Notice: Notice (8): Undefined variable: enddate in [/homepages/38/d289246827/htdocs/academicircle/app/views/tasks/viewall.ctp, line 21]
2011-02-16 20:08:56 Notice: Notice (8): Undefined variable: scheduleinfo in [/homepages/38/d289246827/htdocs/academicircle/app/views/tasks/viewall.ctp, line 46]
2011-02-16 20:08:56 Notice: Notice (8): Undefined variable: tasks in [/homepages/38/d289246827/htdocs/academicircle/app/views/tasks/viewall.ctp, line 58]
2011-02-17 11:28:46 Notice: Notice (8): Undefined variable: scheduleinfo in [/homepages/38/d289246827/htdocs/academicircle/app/views/tasks/viewall.ctp, line 15]
2011-02-17 11:28:46 Notice: Notice (8): Undefined variable: startdate in [/homepages/38/d289246827/htdocs/academicircle/app/views/tasks/viewall.ctp, line 20]
2011-02-17 11:28:46 Notice: Notice (8): Undefined variable: enddate in [/homepages/38/d289246827/htdocs/academicircle/app/views/tasks/viewall.ctp, line 21]
2011-02-17 11:28:46 Notice: Notice (8): Undefined variable: scheduleinfo in [/homepages/38/d289246827/htdocs/academicircle/app/views/tasks/viewall.ctp, line 46]
2011-02-17 11:28:46 Notice: Notice (8): Undefined variable: tasks in [/homepages/38/d289246827/htdocs/academicircle/app/views/tasks/viewall.ctp, line 58]
2011-02-17 11:29:14 Notice: Notice (8): Undefined variable: schedule in [/homepages/38/d289246827/htdocs/academicircle/app/views/tasks/add.ctp, line 21]
2011-02-17 11:30:18 Notice: Notice (8): Undefined variable: scheduleinfo in [/homepages/38/d289246827/htdocs/academicircle/app/views/tasks/viewall.ctp, line 15]
2011-02-17 11:30:18 Notice: Notice (8): Undefined variable: startdate in [/homepages/38/d289246827/htdocs/academicircle/app/views/tasks/viewall.ctp, line 20]
2011-02-17 11:30:18 Notice: Notice (8): Undefined variable: enddate in [/homepages/38/d289246827/htdocs/academicircle/app/views/tasks/viewall.ctp, line 21]
2011-02-17 11:30:18 Notice: Notice (8): Undefined variable: scheduleinfo in [/homepages/38/d289246827/htdocs/academicircle/app/views/tasks/viewall.ctp, line 46]
2011-02-17 11:30:18 Notice: Notice (8): Undefined variable: tasks in [/homepages/38/d289246827/htdocs/academicircle/app/views/tasks/viewall.ctp, line 58]
2011-02-17 12:39:21 Notice: Notice (8): Undefined variable: url in [/homepages/38/d289246827/htdocs/academicircle/cake/libs/controller/controller.php, line 975]
2011-02-17 12:43:12 Notice: Notice (8): Undefined variable: url in [/homepages/38/d289246827/htdocs/academicircle/cake/libs/controller/controller.php, line 975]
2011-02-17 12:45:06 Notice: Notice (8): Undefined variable: url in [/homepages/38/d289246827/htdocs/academicircle/cake/libs/controller/controller.php, line 975]
2011-03-04 10:45:40 Notice: Notice (8): Undefined variable: url in [/homepages/38/d289246827/htdocs/academicircle/cake/libs/controller/controller.php, line 975]
2011-03-04 12:58:41 Notice: Notice (8): Undefined variable: url in [/homepages/38/d289246827/htdocs/academicircle/cake/libs/controller/controller.php, line 975]
2011-03-21 02:12:10 Notice: Notice (8): Undefined variable: student in [/homepages/38/d289246827/htdocs/academicircle/app/controllers/attendances_controller.php, line 85]
2011-03-21 11:08:00 Notice: Notice (8): Undefined variable: student in [/homepages/38/d289246827/htdocs/academicircle/app/controllers/attendances_controller.php, line 85]
2011-03-21 13:19:47 Notice: Notice (8): Undefined variable: student in [/homepages/38/d289246827/htdocs/academicircle/app/controllers/attendances_controller.php, line 85]
2011-03-21 17:14:25 Notice: Notice (8): Undefined variable: student in [/homepages/38/d289246827/htdocs/academicircle/app/controllers/attendances_controller.php, line 85]
2011-03-21 17:18:57 Notice: Notice (8): Undefined variable: student in [/homepages/38/d289246827/htdocs/academicircle/app/controllers/attendances_controller.php, line 85]
2011-03-21 17:19:39 Notice: Notice (8): Undefined variable: student in [/homepages/38/d289246827/htdocs/academicircle/app/controllers/attendances_controller.php, line 85]
2011-03-21 17:19:48 Notice: Notice (8): Undefined variable: student in [/homepages/38/d289246827/htdocs/academicircle/app/controllers/attendances_controller.php, line 85]
2011-03-21 17:23:14 Notice: Notice (8): Undefined variable: student in [/homepages/38/d289246827/htdocs/academicircle/app/controllers/attendances_controller.php, line 85]
2011-03-21 21:28:19 Notice: Notice (8): Undefined variable: student in [/homepages/38/d289246827/htdocs/academicircle/app/controllers/attendances_controller.php, line 85]
2011-03-21 21:31:40 Notice: Notice (8): Undefined variable: student in [/homepages/38/d289246827/htdocs/academicircle/app/controllers/attendances_controller.php, line 85]
2011-03-21 21:33:12 Notice: Notice (8): Undefined variable: student in [/homepages/38/d289246827/htdocs/academicircle/app/controllers/attendances_controller.php, line 85]
2011-03-21 21:59:50 Notice: Notice (8): Undefined variable: student in [/homepages/38/d289246827/htdocs/academicircle/app/controllers/attendances_controller.php, line 85]
2011-03-21 22:01:14 Notice: Notice (8): Undefined variable: student in [/homepages/38/d289246827/htdocs/academicircle/app/controllers/attendances_controller.php, line 85]
2011-03-21 22:06:25 Notice: Notice (8): Undefined variable: student in [/homepages/38/d289246827/htdocs/academicircle/app/controllers/attendances_controller.php, line 85]
2011-03-21 22:26:15 Notice: Notice (8): Undefined variable: student in [/homepages/38/d289246827/htdocs/academicircle/app/controllers/attendances_controller.php, line 85]
2011-03-21 22:27:38 Notice: Notice (8): Undefined variable: student in [/homepages/38/d289246827/htdocs/academicircle/app/controllers/attendances_controller.php, line 85]
2011-03-21 22:27:42 Notice: Notice (8): Undefined variable: student in [/homepages/38/d289246827/htdocs/academicircle/app/controllers/attendances_controller.php, line 85]
2011-03-22 11:02:23 Notice: Notice (8): Undefined variable: student in [/homepages/38/d289246827/htdocs/academicircle/app/controllers/attendances_controller.php, line 85]
2011-03-22 11:58:46 Notice: Notice (8): Undefined variable: student in [/homepages/38/d289246827/htdocs/academicircle/app/controllers/attendances_controller.php, line 85]
2011-03-22 11:58:58 Notice: Notice (8): Undefined variable: student in [/homepages/38/d289246827/htdocs/academicircle/app/controllers/attendances_controller.php, line 85]
2011-03-22 12:03:17 Notice: Notice (8): Undefined variable: student in [/homepages/38/d289246827/htdocs/academicircle/app/controllers/attendances_controller.php, line 85]
2011-03-22 12:04:22 Notice: Notice (8): Undefined variable: student in [/homepages/38/d289246827/htdocs/academicircle/app/controllers/attendances_controller.php, line 85]
2011-03-22 12:06:18 Notice: Notice (8): Undefined variable: student in [/homepages/38/d289246827/htdocs/academicircle/app/controllers/attendances_controller.php, line 85]
2011-03-23 18:19:10 Notice: Notice (8): Undefined variable: student in [/homepages/38/d289246827/htdocs/academicircle/app/controllers/attendances_controller.php, line 85]
2011-03-23 18:19:14 Notice: Notice (8): Undefined variable: student in [/homepages/38/d289246827/htdocs/academicircle/app/controllers/attendances_controller.php, line 85]
2011-03-23 18:26:22 Notice: Notice (8): Undefined variable: student in [/homepages/38/d289246827/htdocs/academicircle/app/controllers/attendances_controller.php, line 85]
2011-03-23 18:27:49 Notice: Notice (8): Undefined variable: student in [/homepages/38/d289246827/htdocs/academicircle/app/controllers/attendances_controller.php, line 85]
2011-03-23 18:34:47 Notice: Notice (8): Undefined variable: student in [/homepages/38/d289246827/htdocs/academicircle/app/controllers/attendances_controller.php, line 85]
2011-03-23 18:34:52 Notice: Notice (8): Undefined variable: student in [/homepages/38/d289246827/htdocs/academicircle/app/controllers/attendances_controller.php, line 85]
2011-03-24 18:30:32 Notice: Notice (8): Undefined variable: student in [/homepages/38/d289246827/htdocs/academicircle/app/controllers/attendances_controller.php, line 85]
2011-03-25 01:28:22 Notice: Notice (8): Undefined variable: student in [/homepages/38/d289246827/htdocs/academicircle/app/controllers/attendances_controller.php, line 85]
2011-03-25 15:15:40 Notice: Notice (8): Undefined variable: student in [/homepages/38/d289246827/htdocs/academicircle/app/controllers/attendances_controller.php, line 85]
2011-03-30 21:14:01 Notice: Notice (8): Undefined variable: student in [/homepages/38/d289246827/htdocs/academicircle/app/controllers/attendances_controller.php, line 85]
2011-03-31 19:26:03 Notice: Notice (8): Undefined variable: student in [/homepages/38/d289246827/htdocs/academicircle/app/controllers/attendances_controller.php, line 85]
2011-03-31 19:26:08 Notice: Notice (8): Undefined variable: student in [/homepages/38/d289246827/htdocs/academicircle/app/controllers/attendances_controller.php, line 85]
2011-03-31 19:26:12 Notice: Notice (8): Undefined variable: student in [/homepages/38/d289246827/htdocs/academicircle/app/controllers/attendances_controller.php, line 85]
2011-04-01 12:36:45 Notice: Notice (8): Undefined variable: student in [/homepages/38/d289246827/htdocs/academicircle/app/controllers/attendances_controller.php, line 85]
2011-04-01 12:36:51 Notice: Notice (8): Undefined variable: student in [/homepages/38/d289246827/htdocs/academicircle/app/controllers/attendances_controller.php, line 85]
2011-04-01 13:57:18 Notice: Notice (8): Undefined variable: student in [/homepages/38/d289246827/htdocs/academicircle/app/controllers/attendances_controller.php, line 85]
2011-05-11 17:53:24 Notice: Notice (8): Undefined index:  action in [/homepages/38/d289246827/htdocs/academicircle/cake/dispatcher.php, line 269]
2011-05-11 17:53:24 Notice: Notice (8): Undefined index:  controller in [/homepages/38/d289246827/htdocs/academicircle/cake/dispatcher.php, line 121]
2011-05-11 17:53:25 Notice: Notice (8): Undefined index:  action in [/homepages/38/d289246827/htdocs/academicircle/cake/dispatcher.php, line 269]
2011-05-11 17:53:25 Notice: Notice (8): Undefined index:  controller in [/homepages/38/d289246827/htdocs/academicircle/cake/dispatcher.php, line 121]
2011-05-11 17:53:25 Notice: Notice (8): Undefined index:  action in [/homepages/38/d289246827/htdocs/academicircle/cake/dispatcher.php, line 269]
2011-05-11 17:53:25 Notice: Notice (8): Undefined index:  controller in [/homepages/38/d289246827/htdocs/academicircle/cake/dispatcher.php, line 121]
2011-05-20 00:35:32 Notice: Notice (8): Undefined variable: student in [/homepages/38/d289246827/htdocs/academicircle/app/controllers/attendances_controller.php, line 85]
2011-05-27 16:36:55 Notice: Notice (8): Undefined variable: student in [/homepages/38/d289246827/htdocs/academicircle/app/controllers/attendances_controller.php, line 85]
2011-05-27 19:03:20 Notice: Notice (8): Undefined variable: student in [/homepages/38/d289246827/htdocs/academicircle/app/controllers/attendances_controller.php, line 85]
2011-08-03 19:44:48 Notice: Notice (8): A non well formed numeric value encountered in [/homepages/38/d289246827/htdocs/academicircle/app/controllers/tasks_controller.php, line 131]
2011-08-03 19:44:48 Notice: Notice (8): A non well formed numeric value encountered in [/homepages/38/d289246827/htdocs/academicircle/app/controllers/tasks_controller.php, line 131]
2011-08-03 19:46:24 Notice: Notice (8): A non well formed numeric value encountered in [/homepages/38/d289246827/htdocs/academicircle/app/controllers/tasks_controller.php, line 131]
2011-08-03 19:46:24 Notice: Notice (8): A non well formed numeric value encountered in [/homepages/38/d289246827/htdocs/academicircle/app/controllers/tasks_controller.php, line 131]
2011-08-03 19:46:26 Notice: Notice (8): A non well formed numeric value encountered in [/homepages/38/d289246827/htdocs/academicircle/app/controllers/tasks_controller.php, line 151]
2011-08-03 19:48:03 Notice: Notice (8): A non well formed numeric value encountered in [/homepages/38/d289246827/htdocs/academicircle/app/controllers/tasks_controller.php, line 131]
2011-08-03 19:49:19 Notice: Notice (8): A non well formed numeric value encountered in [/homepages/38/d289246827/htdocs/academicircle/app/controllers/tasks_controller.php, line 131]
2011-08-03 19:49:21 Notice: Notice (8): A non well formed numeric value encountered in [/homepages/38/d289246827/htdocs/academicircle/app/controllers/tasks_controller.php, line 151]
2011-08-03 20:02:21 Notice: Notice (8): A non well formed numeric value encountered in [/homepages/38/d289246827/htdocs/academicircle/app/controllers/tasks_controller.php, line 150]
2011-08-08 12:41:17 Notice: Notice (8): Undefined variable: url in [/homepages/38/d289246827/htdocs/academicircle/cake/libs/controller/controller.php, line 975]
2011-08-09 01:06:23 Notice: Notice (8): Undefined index:  User in [/homepages/38/d289246827/htdocs/academicircle/app/controllers/schedules_controller.php, line 113]
2011-08-09 01:06:23 Notice: Notice (8): Undefined index:  User in [/homepages/38/d289246827/htdocs/academicircle/app/controllers/schedules_controller.php, line 115]
2011-08-09 01:06:23 Notice: Notice (8): Undefined index:  User in [/homepages/38/d289246827/htdocs/academicircle/app/controllers/schedules_controller.php, line 113]
2011-08-09 01:06:23 Notice: Notice (8): Undefined index:  User in [/homepages/38/d289246827/htdocs/academicircle/app/controllers/schedules_controller.php, line 115]
2011-08-09 01:06:23 Notice: Notice (8): Undefined index:  User in [/homepages/38/d289246827/htdocs/academicircle/app/controllers/schedules_controller.php, line 113]
2011-08-09 01:06:23 Notice: Notice (8): Undefined index:  User in [/homepages/38/d289246827/htdocs/academicircle/app/controllers/schedules_controller.php, line 115]
2011-08-09 01:06:23 Notice: Notice (8): Undefined index:  User in [/homepages/38/d289246827/htdocs/academicircle/app/controllers/schedules_controller.php, line 113]
2011-08-09 01:06:23 Notice: Notice (8): Undefined index:  User in [/homepages/38/d289246827/htdocs/academicircle/app/controllers/schedules_controller.php, line 115]
2011-08-09 01:07:32 Notice: Notice (8): Undefined index:  User in [/homepages/38/d289246827/htdocs/academicircle/app/controllers/schedules_controller.php, line 113]
2011-08-09 01:07:32 Notice: Notice (8): Undefined index:  User in [/homepages/38/d289246827/htdocs/academicircle/app/controllers/schedules_controller.php, line 115]
2011-08-09 01:07:32 Notice: Notice (8): Undefined index:  User in [/homepages/38/d289246827/htdocs/academicircle/app/controllers/schedules_controller.php, line 113]
2011-08-09 01:07:32 Notice: Notice (8): Undefined index:  User in [/homepages/38/d289246827/htdocs/academicircle/app/controllers/schedules_controller.php, line 115]
2011-08-09 01:07:32 Notice: Notice (8): Undefined index:  User in [/homepages/38/d289246827/htdocs/academicircle/app/controllers/schedules_controller.php, line 113]
2011-08-09 01:07:32 Notice: Notice (8): Undefined index:  User in [/homepages/38/d289246827/htdocs/academicircle/app/controllers/schedules_controller.php, line 115]
2011-08-09 01:07:32 Notice: Notice (8): Undefined index:  User in [/homepages/38/d289246827/htdocs/academicircle/app/controllers/schedules_controller.php, line 113]
2011-08-09 01:07:32 Notice: Notice (8): Undefined index:  User in [/homepages/38/d289246827/htdocs/academicircle/app/controllers/schedules_controller.php, line 115]
2011-08-09 01:08:13 Notice: Notice (8): Undefined index:  User in [/homepages/38/d289246827/htdocs/academicircle/app/controllers/schedules_controller.php, line 113]
2011-08-09 01:08:13 Notice: Notice (8): Undefined index:  User in [/homepages/38/d289246827/htdocs/academicircle/app/controllers/schedules_controller.php, line 115]
2011-08-09 01:08:13 Notice: Notice (8): Undefined index:  User in [/homepages/38/d289246827/htdocs/academicircle/app/controllers/schedules_controller.php, line 113]
2011-08-09 01:08:13 Notice: Notice (8): Undefined index:  User in [/homepages/38/d289246827/htdocs/academicircle/app/controllers/schedules_controller.php, line 115]
2011-08-09 01:08:13 Notice: Notice (8): Undefined index:  User in [/homepages/38/d289246827/htdocs/academicircle/app/controllers/schedules_controller.php, line 113]
2011-08-09 01:08:13 Notice: Notice (8): Undefined index:  User in [/homepages/38/d289246827/htdocs/academicircle/app/controllers/schedules_controller.php, line 115]
2011-08-09 01:08:13 Notice: Notice (8): Undefined index:  User in [/homepages/38/d289246827/htdocs/academicircle/app/controllers/schedules_controller.php, line 113]
2011-08-09 01:08:13 Notice: Notice (8): Undefined index:  User in [/homepages/38/d289246827/htdocs/academicircle/app/controllers/schedules_controller.php, line 115]
2011-08-09 01:08:43 Notice: Notice (8): Undefined index:  User in [/homepages/38/d289246827/htdocs/academicircle/app/controllers/schedules_controller.php, line 113]
2011-08-09 01:08:43 Notice: Notice (8): Undefined index:  User in [/homepages/38/d289246827/htdocs/academicircle/app/controllers/schedules_controller.php, line 115]
2011-08-09 01:08:43 Notice: Notice (8): Undefined index:  User in [/homepages/38/d289246827/htdocs/academicircle/app/controllers/schedules_controller.php, line 113]
2011-08-09 01:08:43 Notice: Notice (8): Undefined index:  User in [/homepages/38/d289246827/htdocs/academicircle/app/controllers/schedules_controller.php, line 115]
2011-08-09 01:08:43 Notice: Notice (8): Undefined index:  User in [/homepages/38/d289246827/htdocs/academicircle/app/controllers/schedules_controller.php, line 113]
2011-08-09 01:08:43 Notice: Notice (8): Undefined index:  User in [/homepages/38/d289246827/htdocs/academicircle/app/controllers/schedules_controller.php, line 115]
2011-08-09 01:08:43 Notice: Notice (8): Undefined index:  User in [/homepages/38/d289246827/htdocs/academicircle/app/controllers/schedules_controller.php, line 113]
2011-08-09 01:08:43 Notice: Notice (8): Undefined index:  User in [/homepages/38/d289246827/htdocs/academicircle/app/controllers/schedules_controller.php, line 115]
2011-08-09 13:44:16 Notice: Notice (8): Undefined variable: users in [/homepages/38/d289246827/htdocs/academicircle/app/controllers/schedules_controller.php, line 171]
2011-08-09 13:44:18 Notice: Notice (8): Undefined variable: users in [/homepages/38/d289246827/htdocs/academicircle/app/controllers/schedules_controller.php, line 171]
2011-08-09 13:44:19 Notice: Notice (8): Undefined variable: users in [/homepages/38/d289246827/htdocs/academicircle/app/controllers/schedules_controller.php, line 171]
2011-08-09 13:44:22 Notice: Notice (8): Undefined variable: users in [/homepages/38/d289246827/htdocs/academicircle/app/controllers/schedules_controller.php, line 171]
2011-08-09 13:44:24 Notice: Notice (8): Undefined variable: users in [/homepages/38/d289246827/htdocs/academicircle/app/controllers/schedules_controller.php, line 171]
2011-08-09 13:44:26 Notice: Notice (8): Undefined variable: users in [/homepages/38/d289246827/htdocs/academicircle/app/controllers/schedules_controller.php, line 183]
2011-08-09 13:44:27 Notice: Notice (8): Undefined variable: users in [/homepages/38/d289246827/htdocs/academicircle/app/controllers/schedules_controller.php, line 183]
2011-08-09 13:48:47 Notice: Notice (8): Undefined variable: users in [/homepages/38/d289246827/htdocs/academicircle/app/controllers/schedules_controller.php, line 167]
2011-08-09 13:48:48 Notice: Notice (8): Undefined variable: users in [/homepages/38/d289246827/htdocs/academicircle/app/controllers/schedules_controller.php, line 167]
2011-08-09 13:48:51 Notice: Notice (8): Undefined variable: users in [/homepages/38/d289246827/htdocs/academicircle/app/controllers/schedules_controller.php, line 177]
2011-08-28 18:55:21 Notice: Notice (8): Undefined index:  action in [/homepages/38/d289246827/htdocs/academicircle/cake/dispatcher.php, line 269]
2011-08-28 18:55:21 Notice: Notice (8): Undefined index:  controller in [/homepages/38/d289246827/htdocs/academicircle/cake/dispatcher.php, line 121]
2011-08-28 18:55:25 Notice: Notice (8): Undefined index:  action in [/homepages/38/d289246827/htdocs/academicircle/cake/dispatcher.php, line 269]
2011-08-28 18:55:25 Notice: Notice (8): Undefined index:  controller in [/homepages/38/d289246827/htdocs/academicircle/cake/dispatcher.php, line 121]
2011-08-28 19:01:07 Notice: Notice (8): Undefined index:  action in [/homepages/38/d289246827/htdocs/academicircle/cake/dispatcher.php, line 269]
2011-08-28 19:01:07 Notice: Notice (8): Undefined index:  controller in [/homepages/38/d289246827/htdocs/academicircle/cake/dispatcher.php, line 121]
2011-08-28 19:01:20 Notice: Notice (8): Undefined index:  action in [/homepages/38/d289246827/htdocs/academicircle/cake/dispatcher.php, line 269]
2011-08-28 19:01:20 Notice: Notice (8): Undefined index:  controller in [/homepages/38/d289246827/htdocs/academicircle/cake/dispatcher.php, line 121]
2011-08-28 19:01:26 Notice: Notice (8): Undefined index:  action in [/homepages/38/d289246827/htdocs/academicircle/cake/dispatcher.php, line 269]
2011-08-28 19:01:26 Notice: Notice (8): Undefined index:  controller in [/homepages/38/d289246827/htdocs/academicircle/cake/dispatcher.php, line 121]
2011-08-28 19:01:46 Notice: Notice (8): Undefined index:  action in [/homepages/38/d289246827/htdocs/academicircle/cake/dispatcher.php, line 269]
2011-08-28 19:01:46 Notice: Notice (8): Undefined index:  controller in [/homepages/38/d289246827/htdocs/academicircle/cake/dispatcher.php, line 121]
2011-08-28 19:01:52 Notice: Notice (8): Undefined index:  action in [/homepages/38/d289246827/htdocs/academicircle/cake/dispatcher.php, line 269]
2011-08-28 19:01:52 Notice: Notice (8): Undefined index:  controller in [/homepages/38/d289246827/htdocs/academicircle/cake/dispatcher.php, line 121]
2011-08-28 19:01:53 Notice: Notice (8): Undefined index:  action in [/homepages/38/d289246827/htdocs/academicircle/cake/dispatcher.php, line 269]
2011-08-28 19:01:53 Notice: Notice (8): Undefined index:  controller in [/homepages/38/d289246827/htdocs/academicircle/cake/dispatcher.php, line 121]
2011-08-28 19:01:54 Notice: Notice (8): Undefined index:  action in [/homepages/38/d289246827/htdocs/academicircle/cake/dispatcher.php, line 269]
2011-08-28 19:01:54 Notice: Notice (8): Undefined index:  controller in [/homepages/38/d289246827/htdocs/academicircle/cake/dispatcher.php, line 121]
2011-08-28 19:01:54 Notice: Notice (8): Undefined index:  action in [/homepages/38/d289246827/htdocs/academicircle/cake/dispatcher.php, line 269]
2011-08-28 19:01:54 Notice: Notice (8): Undefined index:  controller in [/homepages/38/d289246827/htdocs/academicircle/cake/dispatcher.php, line 121]
2011-08-28 19:01:55 Notice: Notice (8): Undefined index:  action in [/homepages/38/d289246827/htdocs/academicircle/cake/dispatcher.php, line 269]
2011-08-28 19:01:55 Notice: Notice (8): Undefined index:  controller in [/homepages/38/d289246827/htdocs/academicircle/cake/dispatcher.php, line 121]
2011-08-28 19:01:59 Notice: Notice (8): Undefined index:  action in [/homepages/38/d289246827/htdocs/academicircle/cake/dispatcher.php, line 269]
2011-08-28 19:01:59 Notice: Notice (8): Undefined index:  controller in [/homepages/38/d289246827/htdocs/academicircle/cake/dispatcher.php, line 121]
2011-08-28 19:01:59 Notice: Notice (8): Undefined index:  action in [/homepages/38/d289246827/htdocs/academicircle/cake/dispatcher.php, line 269]
2011-08-28 19:01:59 Notice: Notice (8): Undefined index:  controller in [/homepages/38/d289246827/htdocs/academicircle/cake/dispatcher.php, line 121]
2011-08-28 19:02:00 Notice: Notice (8): Undefined index:  action in [/homepages/38/d289246827/htdocs/academicircle/cake/dispatcher.php, line 269]
2011-08-28 19:02:00 Notice: Notice (8): Undefined index:  controller in [/homepages/38/d289246827/htdocs/academicircle/cake/dispatcher.php, line 121]
2011-08-28 19:02:01 Notice: Notice (8): Undefined index:  action in [/homepages/38/d289246827/htdocs/academicircle/cake/dispatcher.php, line 269]
2011-08-28 19:02:01 Notice: Notice (8): Undefined index:  controller in [/homepages/38/d289246827/htdocs/academicircle/cake/dispatcher.php, line 121]
2011-08-28 19:02:02 Notice: Notice (8): Undefined index:  action in [/homepages/38/d289246827/htdocs/academicircle/cake/dispatcher.php, line 269]
2011-08-28 19:02:02 Notice: Notice (8): Undefined index:  controller in [/homepages/38/d289246827/htdocs/academicircle/cake/dispatcher.php, line 121]
2011-08-28 19:02:02 Notice: Notice (8): Undefined index:  action in [/homepages/38/d289246827/htdocs/academicircle/cake/dispatcher.php, line 269]
2011-08-28 19:02:02 Notice: Notice (8): Undefined index:  controller in [/homepages/38/d289246827/htdocs/academicircle/cake/dispatcher.php, line 121]
2011-08-28 19:02:03 Notice: Notice (8): Undefined index:  action in [/homepages/38/d289246827/htdocs/academicircle/cake/dispatcher.php, line 269]
2011-08-28 19:02:03 Notice: Notice (8): Undefined index:  controller in [/homepages/38/d289246827/htdocs/academicircle/cake/dispatcher.php, line 121]
2011-08-28 19:02:04 Notice: Notice (8): Undefined index:  action in [/homepages/38/d289246827/htdocs/academicircle/cake/dispatcher.php, line 269]
2011-08-28 19:02:04 Notice: Notice (8): Undefined index:  controller in [/homepages/38/d289246827/htdocs/academicircle/cake/dispatcher.php, line 121]
2011-08-28 19:02:04 Notice: Notice (8): Undefined index:  action in [/homepages/38/d289246827/htdocs/academicircle/cake/dispatcher.php, line 269]
2011-08-28 19:02:04 Notice: Notice (8): Undefined index:  controller in [/homepages/38/d289246827/htdocs/academicircle/cake/dispatcher.php, line 121]
2011-08-28 19:02:05 Notice: Notice (8): Undefined index:  action in [/homepages/38/d289246827/htdocs/academicircle/cake/dispatcher.php, line 269]
2011-08-28 19:02:05 Notice: Notice (8): Undefined index:  controller in [/homepages/38/d289246827/htdocs/academicircle/cake/dispatcher.php, line 121]
2011-08-28 19:02:40 Notice: Notice (8): Undefined index:  action in [/homepages/38/d289246827/htdocs/academicircle/cake/dispatcher.php, line 269]
2011-08-28 19:02:40 Notice: Notice (8): Undefined index:  controller in [/homepages/38/d289246827/htdocs/academicircle/cake/dispatcher.php, line 121]
2011-08-28 19:02:41 Notice: Notice (8): Undefined index:  action in [/homepages/38/d289246827/htdocs/academicircle/cake/dispatcher.php, line 269]
2011-08-28 19:02:41 Notice: Notice (8): Undefined index:  controller in [/homepages/38/d289246827/htdocs/academicircle/cake/dispatcher.php, line 121]
2011-08-28 19:02:41 Notice: Notice (8): Undefined index:  action in [/homepages/38/d289246827/htdocs/academicircle/cake/dispatcher.php, line 269]
2011-08-28 19:02:41 Notice: Notice (8): Undefined index:  controller in [/homepages/38/d289246827/htdocs/academicircle/cake/dispatcher.php, line 121]
2011-08-28 19:02:42 Notice: Notice (8): Undefined index:  action in [/homepages/38/d289246827/htdocs/academicircle/cake/dispatcher.php, line 269]
2011-08-28 19:02:42 Notice: Notice (8): Undefined index:  controller in [/homepages/38/d289246827/htdocs/academicircle/cake/dispatcher.php, line 121]
2011-08-28 19:02:46 Notice: Notice (8): Undefined index:  action in [/homepages/38/d289246827/htdocs/academicircle/cake/dispatcher.php, line 269]
2011-08-28 19:02:46 Notice: Notice (8): Undefined index:  controller in [/homepages/38/d289246827/htdocs/academicircle/cake/dispatcher.php, line 121]
2011-08-28 19:02:46 Notice: Notice (8): Undefined index:  action in [/homepages/38/d289246827/htdocs/academicircle/cake/dispatcher.php, line 269]
2011-08-28 19:02:46 Notice: Notice (8): Undefined index:  controller in [/homepages/38/d289246827/htdocs/academicircle/cake/dispatcher.php, line 121]
2011-08-28 19:03:09 Notice: Notice (8): Undefined index:  action in [/homepages/38/d289246827/htdocs/academicircle/cake/dispatcher.php, line 269]
2011-08-28 19:03:09 Notice: Notice (8): Undefined index:  controller in [/homepages/38/d289246827/htdocs/academicircle/cake/dispatcher.php, line 121]
2011-08-28 19:03:22 Notice: Notice (8): Undefined index:  action in [/homepages/38/d289246827/htdocs/academicircle/cake/dispatcher.php, line 269]
2011-08-28 19:03:22 Notice: Notice (8): Undefined index:  controller in [/homepages/38/d289246827/htdocs/academicircle/cake/dispatcher.php, line 121]
2011-08-28 19:03:28 Notice: Notice (8): Undefined index:  action in [/homepages/38/d289246827/htdocs/academicircle/cake/dispatcher.php, line 269]
2011-08-28 19:03:28 Notice: Notice (8): Undefined index:  controller in [/homepages/38/d289246827/htdocs/academicircle/cake/dispatcher.php, line 121]
2011-09-21 11:38:02 Notice: Notice (8): Array to string conversion in [/homepages/38/d289246827/htdocs/academicircle/cake/libs/controller/components/email.php, line 830]
2011-09-21 11:39:08 Notice: Notice (8): Array to string conversion in [/homepages/38/d289246827/htdocs/academicircle/cake/libs/controller/components/email.php, line 830]
2011-11-07 14:30:21 Notice: Notice (8): Undefined variable: one in [/homepages/38/d289246827/htdocs/academicircle/cake/libs/controller/controller.php, line 758]
2011-11-07 14:30:21 Notice: Notice (8): Undefined variable: one in [/homepages/38/d289246827/htdocs/academicircle/cake/libs/controller/controller.php, line 765]
2011-11-07 14:55:20 Notice: Notice (8): Undefined offset:  0 in [/homepages/38/d289246827/htdocs/academicircle/app/controllers/schedules_controller.php, line 362]
2011-11-11 00:48:35 Notice: Notice (8): Undefined offset:  0 in [/homepages/38/d289246827/htdocs/academicircle/app/controllers/schedules_controller.php, line 362]
2011-11-14 11:19:34 Notice: Notice (8): Undefined offset:  0 in [/homepages/38/d289246827/htdocs/academicircle/app/controllers/schedules_controller.php, line 362]
2011-11-14 11:19:44 Notice: Notice (8): Undefined offset:  0 in [/homepages/38/d289246827/htdocs/academicircle/app/controllers/schedules_controller.php, line 362]
2011-11-14 11:19:50 Notice: Notice (8): Undefined offset:  0 in [/homepages/38/d289246827/htdocs/academicircle/app/controllers/schedules_controller.php, line 362]
2011-11-14 11:19:55 Notice: Notice (8): Undefined offset:  0 in [/homepages/38/d289246827/htdocs/academicircle/app/controllers/schedules_controller.php, line 362]
2011-11-14 11:23:50 Notice: Notice (8): Undefined offset:  0 in [/homepages/38/d289246827/htdocs/academicircle/app/controllers/schedules_controller.php, line 362]
2011-11-14 11:27:04 Notice: Notice (8): Undefined offset:  0 in [/homepages/38/d289246827/htdocs/academicircle/app/controllers/schedules_controller.php, line 362]
2011-11-14 11:33:29 Notice: Notice (8): Undefined offset:  0 in [/homepages/38/d289246827/htdocs/academicircle/app/controllers/schedules_controller.php, line 362]
2011-11-14 11:33:36 Notice: Notice (8): Undefined offset:  0 in [/homepages/38/d289246827/htdocs/academicircle/app/controllers/schedules_controller.php, line 362]
2011-11-14 11:33:39 Notice: Notice (8): Undefined offset:  0 in [/homepages/38/d289246827/htdocs/academicircle/app/controllers/schedules_controller.php, line 362]
2011-11-14 11:33:47 Notice: Notice (8): Undefined offset:  0 in [/homepages/38/d289246827/htdocs/academicircle/app/controllers/schedules_controller.php, line 362]
2011-11-14 11:33:50 Notice: Notice (8): Undefined offset:  0 in [/homepages/38/d289246827/htdocs/academicircle/app/controllers/schedules_controller.php, line 362]
2011-11-14 11:34:05 Notice: Notice (8): Undefined offset:  0 in [/homepages/38/d289246827/htdocs/academicircle/app/controllers/schedules_controller.php, line 362]
2011-11-14 11:37:58 Notice: Notice (8): Undefined offset:  0 in [/homepages/38/d289246827/htdocs/academicircle/app/controllers/schedules_controller.php, line 362]
2011-11-14 11:38:14 Notice: Notice (8): Undefined offset:  0 in [/homepages/38/d289246827/htdocs/academicircle/app/controllers/schedules_controller.php, line 362]
2011-11-14 11:38:17 Notice: Notice (8): Undefined offset:  0 in [/homepages/38/d289246827/htdocs/academicircle/app/controllers/schedules_controller.php, line 362]
2011-11-14 11:38:20 Notice: Notice (8): Undefined offset:  0 in [/homepages/38/d289246827/htdocs/academicircle/app/controllers/schedules_controller.php, line 362]
2011-11-14 11:42:54 Notice: Notice (8): Undefined offset:  0 in [/homepages/38/d289246827/htdocs/academicircle/app/controllers/schedules_controller.php, line 362]
2011-11-14 11:43:30 Notice: Notice (8): Undefined offset:  0 in [/homepages/38/d289246827/htdocs/academicircle/app/controllers/schedules_controller.php, line 362]
2011-11-14 11:43:33 Notice: Notice (8): Undefined offset:  0 in [/homepages/38/d289246827/htdocs/academicircle/app/controllers/schedules_controller.php, line 362]
2011-11-14 11:43:36 Notice: Notice (8): Undefined offset:  0 in [/homepages/38/d289246827/htdocs/academicircle/app/controllers/schedules_controller.php, line 362]
2011-11-14 11:43:39 Notice: Notice (8): Undefined offset:  0 in [/homepages/38/d289246827/htdocs/academicircle/app/controllers/schedules_controller.php, line 362]
2011-11-14 11:58:00 Notice: Notice (8): Undefined offset:  0 in [/homepages/38/d289246827/htdocs/academicircle/app/controllers/schedules_controller.php, line 362]
2011-11-14 11:58:03 Notice: Notice (8): Undefined offset:  0 in [/homepages/38/d289246827/htdocs/academicircle/app/controllers/schedules_controller.php, line 362]
2011-11-14 11:58:09 Notice: Notice (8): Undefined offset:  0 in [/homepages/38/d289246827/htdocs/academicircle/app/controllers/schedules_controller.php, line 362]
2011-11-14 12:05:31 Notice: Notice (8): Undefined offset:  0 in [/homepages/38/d289246827/htdocs/academicircle/app/controllers/schedules_controller.php, line 362]
2011-11-14 12:05:44 Notice: Notice (8): Undefined offset:  0 in [/homepages/38/d289246827/htdocs/academicircle/app/controllers/schedules_controller.php, line 362]
2011-11-14 12:06:34 Notice: Notice (8): Undefined offset:  0 in [/homepages/38/d289246827/htdocs/academicircle/app/controllers/schedules_controller.php, line 362]
2011-11-14 12:06:55 Notice: Notice (8): Undefined offset:  0 in [/homepages/38/d289246827/htdocs/academicircle/app/controllers/schedules_controller.php, line 362]
2011-11-14 12:07:05 Notice: Notice (8): Undefined offset:  0 in [/homepages/38/d289246827/htdocs/academicircle/app/controllers/schedules_controller.php, line 362]
2011-11-14 12:07:06 Notice: Notice (8): Undefined offset:  0 in [/homepages/38/d289246827/htdocs/academicircle/app/controllers/schedules_controller.php, line 362]
2011-11-14 12:07:08 Notice: Notice (8): Undefined offset:  0 in [/homepages/38/d289246827/htdocs/academicircle/app/controllers/schedules_controller.php, line 362]
2011-11-14 12:07:10 Notice: Notice (8): Undefined offset:  0 in [/homepages/38/d289246827/htdocs/academicircle/app/controllers/schedules_controller.php, line 362]
2011-11-14 12:07:13 Notice: Notice (8): Undefined offset:  0 in [/homepages/38/d289246827/htdocs/academicircle/app/controllers/schedules_controller.php, line 362]
2011-11-14 12:07:46 Notice: Notice (8): Undefined offset:  0 in [/homepages/38/d289246827/htdocs/academicircle/app/controllers/schedules_controller.php, line 362]
2011-11-14 12:08:28 Notice: Notice (8): Undefined offset:  0 in [/homepages/38/d289246827/htdocs/academicircle/app/controllers/schedules_controller.php, line 362]
2011-11-14 12:08:31 Notice: Notice (8): Undefined offset:  0 in [/homepages/38/d289246827/htdocs/academicircle/app/controllers/schedules_controller.php, line 362]
2011-11-14 12:13:32 Notice: Notice (8): Undefined offset:  0 in [/homepages/38/d289246827/htdocs/academicircle/app/controllers/schedules_controller.php, line 362]
2011-11-14 12:13:38 Notice: Notice (8): Undefined offset:  0 in [/homepages/38/d289246827/htdocs/academicircle/app/controllers/schedules_controller.php, line 362]
2011-11-14 12:13:41 Notice: Notice (8): Undefined offset:  0 in [/homepages/38/d289246827/htdocs/academicircle/app/controllers/schedules_controller.php, line 362]
2011-11-14 12:17:24 Notice: Notice (8): Undefined offset:  0 in [/homepages/38/d289246827/htdocs/academicircle/app/controllers/schedules_controller.php, line 362]
2011-11-14 12:17:27 Notice: Notice (8): Undefined offset:  0 in [/homepages/38/d289246827/htdocs/academicircle/app/controllers/schedules_controller.php, line 362]
2011-11-14 12:19:04 Notice: Notice (8): Undefined offset:  0 in [/homepages/38/d289246827/htdocs/academicircle/app/controllers/schedules_controller.php, line 362]
2011-11-14 12:19:06 Notice: Notice (8): Undefined offset:  0 in [/homepages/38/d289246827/htdocs/academicircle/app/controllers/schedules_controller.php, line 362]
2011-11-14 12:22:30 Notice: Notice (8): Undefined offset:  0 in [/homepages/38/d289246827/htdocs/academicircle/app/controllers/schedules_controller.php, line 362]
2011-11-14 12:22:46 Notice: Notice (8): Undefined offset:  0 in [/homepages/38/d289246827/htdocs/academicircle/app/controllers/schedules_controller.php, line 362]
2011-11-14 12:28:37 Notice: Notice (8): Undefined offset:  0 in [/homepages/38/d289246827/htdocs/academicircle/app/controllers/schedules_controller.php, line 362]
2011-11-14 12:28:41 Notice: Notice (8): Undefined offset:  0 in [/homepages/38/d289246827/htdocs/academicircle/app/controllers/schedules_controller.php, line 362]
2011-11-14 12:28:45 Notice: Notice (8): Undefined offset:  0 in [/homepages/38/d289246827/htdocs/academicircle/app/controllers/schedules_controller.php, line 362]
2011-11-14 12:30:11 Notice: Notice (8): Undefined offset:  0 in [/homepages/38/d289246827/htdocs/academicircle/app/controllers/schedules_controller.php, line 362]
2011-11-14 12:30:15 Notice: Notice (8): Undefined offset:  0 in [/homepages/38/d289246827/htdocs/academicircle/app/controllers/schedules_controller.php, line 362]
2011-11-14 12:33:29 Notice: Notice (8): Undefined offset:  0 in [/homepages/38/d289246827/htdocs/academicircle/app/controllers/schedules_controller.php, line 362]
2011-11-14 12:33:35 Notice: Notice (8): Undefined offset:  0 in [/homepages/38/d289246827/htdocs/academicircle/app/controllers/schedules_controller.php, line 362]
2011-11-14 12:38:17 Notice: Notice (8): Undefined offset:  0 in [/homepages/38/d289246827/htdocs/academicircle/app/controllers/schedules_controller.php, line 362]
2012-10-08 16:49:49 Notice: Notice (8): Undefined index:  action in [/homepages/38/d289246827/htdocs/academicircle/cake/dispatcher.php, line 269]
2012-10-08 16:49:49 Notice: Notice (8): Undefined index:  controller in [/homepages/38/d289246827/htdocs/academicircle/cake/dispatcher.php, line 121]
2012-10-08 16:49:49 Notice: Notice (8): Undefined index:  action in [/homepages/38/d289246827/htdocs/academicircle/cake/dispatcher.php, line 269]
2012-10-08 16:49:49 Notice: Notice (8): Undefined index:  controller in [/homepages/38/d289246827/htdocs/academicircle/cake/dispatcher.php, line 121]
2012-10-08 16:51:13 Notice: Notice (8): Undefined index:  action in [/homepages/38/d289246827/htdocs/academicircle/cake/dispatcher.php, line 269]
2012-10-08 16:51:13 Notice: Notice (8): Undefined index:  controller in [/homepages/38/d289246827/htdocs/academicircle/cake/dispatcher.php, line 121]
2012-10-08 16:52:58 Notice: Notice (8): Undefined index:  action in [/homepages/38/d289246827/htdocs/academicircle/cake/dispatcher.php, line 269]
2012-10-08 16:52:58 Notice: Notice (8): Undefined index:  controller in [/homepages/38/d289246827/htdocs/academicircle/cake/dispatcher.php, line 121]
2012-10-08 16:59:40 Notice: Notice (8): Undefined index:  action in [/homepages/38/d289246827/htdocs/academicircle/cake/dispatcher.php, line 269]
2012-10-08 16:59:40 Notice: Notice (8): Undefined index:  controller in [/homepages/38/d289246827/htdocs/academicircle/cake/dispatcher.php, line 121]
